  lab1_2023.cpp
C:\Users\звездочка\Documents\labs\Lab1\lab1_2023.cpp(100,11): warning C4244: инициализация: преобразование "double" в "float", возможна потеря данных
C:\Users\звездочка\Documents\labs\Lab1\lab1_2023.cpp(106,2): error C4235: использовано нестандартное расширение: ключевое слово "__asm" данной архитектурой не поддерживается
C:\Users\звездочка\Documents\labs\Lab1\lab1_2023.cpp(106,2): error C2065: nop: необъявленный идентификатор
C:\Users\звездочка\Documents\labs\Lab1\lab1_2023.cpp(110,2): error C2144: синтаксическая ошибка: перед "wchar_t" требуется ";"
C:\Users\звездочка\Documents\labs\Lab1\lab1_2023.cpp(113,2): error C4235: использовано нестандартное расширение: ключевое слово "__asm" данной архитектурой не поддерживается
C:\Users\звездочка\Documents\labs\Lab1\lab1_2023.cpp(113,2): error C2065: nop: необъявленный идентификатор
C:\Users\звездочка\Documents\labs\Lab1\lab1_2023.cpp(121,2): error C2146: синтаксическая ошибка: отсутствие ";" перед идентификатором "iInt"
C:\Users\звездочка\Documents\labs\Lab1\lab1_2023.cpp(136,38): warning C4244: =: преобразование "double" в "char", возможна потеря данных
C:\Users\звездочка\Documents\labs\Lab1\lab1_2023.cpp(136,21): warning C4244: =: преобразование "int" в "float", возможна потеря данных
C:\Users\звездочка\Documents\labs\Lab1\lab1_2023.cpp(138,34): warning C4244: =: преобразование "double" в "float", возможна потеря данных
C:\Users\звездочка\Documents\labs\Lab1\lab1_2023.cpp(138,26): warning C4244: =: преобразование "float" в "int", возможна потеря данных
C:\Users\звездочка\Documents\labs\Lab1\lab1_2023.cpp(138,14): warning C4244: =: преобразование "short" в "char", возможна потеря данных
C:\Users\звездочка\Documents\labs\Lab1\lab1_2023.cpp(160,10): warning C4309: инициализация: усечение константного значения
C:\Users\звездочка\Documents\labs\Lab1\lab1_2023.cpp(165,2): error C4235: использовано нестандартное расширение: ключевое слово "__asm" данной архитектурой не поддерживается
C:\Users\звездочка\Documents\labs\Lab1\lab1_2023.cpp(165,2): error C2065: nop: необъявленный идентификатор
C:\Users\звездочка\Documents\labs\Lab1\lab1_2023.cpp(171,2): error C2144: синтаксическая ошибка: перед "int" требуется ";"
C:\Users\звездочка\Documents\labs\Lab1\lab1_2023.cpp(228,3): error C4235: использовано нестандартное расширение: ключевое слово "__asm" данной архитектурой не поддерживается
C:\Users\звездочка\Documents\labs\Lab1\lab1_2023.cpp(228,3): error C2065: nop: необъявленный идентификатор
C:\Users\звездочка\Documents\labs\Lab1\lab1_2023.cpp(230,4): error C2062: тип "int" не требуется
C:\Users\звездочка\Documents\labs\Lab1\lab1_2023.cpp(232,4): error C4235: использовано нестандартное расширение: ключевое слово "__asm" данной архитектурой не поддерживается
C:\Users\звездочка\Documents\labs\Lab1\lab1_2023.cpp(232,4): error C2065: nop: необъявленный идентификатор
C:\Users\звездочка\Documents\labs\Lab1\lab1_2023.cpp(233,3): error C2143: синтаксическая ошибка: отсутствие ";" перед "}"
C:\Users\звездочка\Documents\labs\Lab1\lab1_2023.cpp(234,9): error C2143: синтаксическая ошибка: отсутствие ";" перед "+="
C:\Users\звездочка\Documents\labs\Lab1\lab1_2023.cpp(234,9): error C4430: отсутствует спецификатор типа - предполагается int. Примечание. C++ не поддерживает int по умолчанию
C:\Users\звездочка\Documents\labs\Lab1\lab1_2023.cpp(234,9): error C2059: синтаксическая ошибка: +=
C:\Users\звездочка\Documents\labs\Lab1\lab1_2023.cpp(245,2): error C2059: синтаксическая ошибка: for
C:\Users\звездочка\Documents\labs\Lab1\lab1_2023.cpp(245,2): error C2143: синтаксическая ошибка: отсутствие ")" перед ";"
C:\Users\звездочка\Documents\labs\Lab1\lab1_2023.cpp(245,17): error C2143: синтаксическая ошибка: отсутствие ";" перед "<"
C:\Users\звездочка\Documents\labs\Lab1\lab1_2023.cpp(245,17): error C4430: отсутствует спецификатор типа - предполагается int. Примечание. C++ не поддерживает int по умолчанию
C:\Users\звездочка\Documents\labs\Lab1\lab1_2023.cpp(245,17): error C2059: синтаксическая ошибка: <
C:\Users\звездочка\Documents\labs\Lab1\lab1_2023.cpp(245,22): error C2143: синтаксическая ошибка: отсутствие ";" перед "++"
C:\Users\звездочка\Documents\labs\Lab1\lab1_2023.cpp(245,22): error C4430: отсутствует спецификатор типа - предполагается int. Примечание. C++ не поддерживает int по умолчанию
C:\Users\звездочка\Documents\labs\Lab1\lab1_2023.cpp(245,21): error C2086: int i: переопределение
C:\Users\звездочка\Documents\labs\Lab1\lab1_2023.cpp(245,16): message : см. объявление "i"
C:\Users\звездочка\Documents\labs\Lab1\lab1_2023.cpp(245,22): error C2059: синтаксическая ошибка: ++
C:\Users\звездочка\Documents\labs\Lab1\lab1_2023.cpp(245,24): error C2059: синтаксическая ошибка: )
C:\Users\звездочка\Documents\labs\Lab1\lab1_2023.cpp(246,2): error C2143: синтаксическая ошибка: отсутствие ";" перед "{"
C:\Users\звездочка\Documents\labs\Lab1\lab1_2023.cpp(246,2): error C2447: {: отсутствует заголовок функции (возможно, используется формальный список старого типа)
C:\Users\звездочка\Documents\labs\Lab1\lab1_2023.cpp(254,3): error C4235: использовано нестандартное расширение: ключевое слово "__asm" данной архитектурой не поддерживается
C:\Users\звездочка\Documents\labs\Lab1\lab1_2023.cpp(264,2): error C2059: синтаксическая ошибка: for
C:\Users\звездочка\Documents\labs\Lab1\lab1_2023.cpp(264,2): error C2143: синтаксическая ошибка: отсутствие ")" перед ";"
C:\Users\звездочка\Documents\labs\Lab1\lab1_2023.cpp(264,17): error C2143: синтаксическая ошибка: отсутствие ";" перед "<"
C:\Users\звездочка\Documents\labs\Lab1\lab1_2023.cpp(264,17): error C4430: отсутствует спецификатор типа - предполагается int. Примечание. C++ не поддерживает int по умолчанию
C:\Users\звездочка\Documents\labs\Lab1\lab1_2023.cpp(264,16): error C2086: int i: переопределение
C:\Users\звездочка\Documents\labs\Lab1\lab1_2023.cpp(245,16): message : см. объявление "i"
C:\Users\звездочка\Documents\labs\Lab1\lab1_2023.cpp(264,17): error C2059: синтаксическая ошибка: <
C:\Users\звездочка\Documents\labs\Lab1\lab1_2023.cpp(264,22): error C2143: синтаксическая ошибка: отсутствие ";" перед "++"
C:\Users\звездочка\Documents\labs\Lab1\lab1_2023.cpp(264,22): error C4430: отсутствует спецификатор типа - предполагается int. Примечание. C++ не поддерживает int по умолчанию
C:\Users\звездочка\Documents\labs\Lab1\lab1_2023.cpp(264,21): error C2086: int i: переопределение
C:\Users\звездочка\Documents\labs\Lab1\lab1_2023.cpp(245,16): message : см. объявление "i"
C:\Users\звездочка\Documents\labs\Lab1\lab1_2023.cpp(264,22): error C2059: синтаксическая ошибка: ++
C:\Users\звездочка\Documents\labs\Lab1\lab1_2023.cpp(264,24): error C2059: синтаксическая ошибка: )
C:\Users\звездочка\Documents\labs\Lab1\lab1_2023.cpp(265,2): error C2143: синтаксическая ошибка: отсутствие ";" перед "{"
C:\Users\звездочка\Documents\labs\Lab1\lab1_2023.cpp(265,2): error C2447: {: отсутствует заголовок функции (возможно, используется формальный список старого типа)
C:\Users\звездочка\Documents\labs\Lab1\lab1_2023.cpp(271,3): error C4235: использовано нестандартное расширение: ключевое слово "__asm" данной архитектурой не поддерживается
C:\Users\звездочка\Documents\labs\Lab1\lab1_2023.cpp(297,11): error C4430: отсутствует спецификатор типа - предполагается int. Примечание. C++ не поддерживает int по умолчанию
C:\Users\звездочка\Documents\labs\Lab1\lab1_2023.cpp(297,2): error C2371: myColors: переопределение; различные базовые типы
C:\Users\звездочка\Documents\labs\Lab1\lab1_2023.cpp(296,12): message : см. объявление "myColors"
C:\Users\звездочка\Documents\labs\Lab1\lab1_2023.cpp(298,11): error C4430: отсутствует спецификатор типа - предполагается int. Примечание. C++ не поддерживает int по умолчанию
C:\Users\звездочка\Documents\labs\Lab1\lab1_2023.cpp(298,2): error C2371: myColors: переопределение; различные базовые типы
C:\Users\звездочка\Documents\labs\Lab1\lab1_2023.cpp(296,12): message : см. объявление "myColors"
C:\Users\звездочка\Documents\labs\Lab1\lab1_2023.cpp(299,11): error C4430: отсутствует спецификатор типа - предполагается int. Примечание. C++ не поддерживает int по умолчанию
C:\Users\звездочка\Documents\labs\Lab1\lab1_2023.cpp(299,2): error C2371: myColors: переопределение; различные базовые типы
C:\Users\звездочка\Documents\labs\Lab1\lab1_2023.cpp(296,12): message : см. объявление "myColors"
C:\Users\звездочка\Documents\labs\Lab1\lab1_2023.cpp(300,11): error C4430: отсутствует спецификатор типа - предполагается int. Примечание. C++ не поддерживает int по умолчанию
C:\Users\звездочка\Documents\labs\Lab1\lab1_2023.cpp(300,2): error C2371: myColors: переопределение; различные базовые типы
C:\Users\звездочка\Documents\labs\Lab1\lab1_2023.cpp(296,12): message : см. объявление "myColors"
C:\Users\звездочка\Documents\labs\Lab1\lab1_2023.cpp(301,11): error C4430: отсутствует спецификатор типа - предполагается int. Примечание. C++ не поддерживает int по умолчанию
C:\Users\звездочка\Documents\labs\Lab1\lab1_2023.cpp(301,2): error C2371: myColors: переопределение; различные базовые типы
C:\Users\звездочка\Documents\labs\Lab1\lab1_2023.cpp(296,12): message : см. объявление "myColors"
C:\Users\звездочка\Documents\labs\Lab1\lab1_2023.cpp(302,11): error C4430: отсутствует спецификатор типа - предполагается int. Примечание. C++ не поддерживает int по умолчанию
C:\Users\звездочка\Documents\labs\Lab1\lab1_2023.cpp(302,2): error C2371: myColors: переопределение; различные базовые типы
C:\Users\звездочка\Documents\labs\Lab1\lab1_2023.cpp(296,12): message : см. объявление "myColors"
C:\Users\звездочка\Documents\labs\Lab1\lab1_2023.cpp(308,8): error C4430: отсутствует спецификатор типа - предполагается int. Примечание. C++ не поддерживает int по умолчанию
C:\Users\звездочка\Documents\labs\Lab1\lab1_2023.cpp(308,2): error C2374: nnn: переопределение; множественная инициализация
C:\Users\звездочка\Documents\labs\Lab1\lab1_2023.cpp(304,6): message : см. объявление "nnn"
C:\Users\звездочка\Documents\labs\Lab1\lab1_2023.cpp(316,2): error C4235: использовано нестандартное расширение: ключевое слово "__asm" данной архитектурой не поддерживается
C:\Users\звездочка\Documents\labs\Lab1\lab1_2023.cpp(325,2): error C2144: синтаксическая ошибка: перед "int" требуется ";"
C:\Users\звездочка\Documents\labs\Lab1\lab1_2023.cpp(325,6): error C4430: отсутствует спецификатор типа - предполагается int. Примечание. C++ не поддерживает int по умолчанию
C:\Users\звездочка\Documents\labs\Lab1\lab1_2023.cpp(327,6): error C4430: отсутствует спецификатор типа - предполагается int. Примечание. C++ не поддерживает int по умолчанию
C:\Users\звездочка\Documents\labs\Lab1\lab1_2023.cpp(327,2): error C2371: b: переопределение; различные базовые типы
C:\Users\звездочка\Documents\labs\Lab1\lab1_2023.cpp(326,7): message : см. объявление "b"
C:\Users\звездочка\Documents\labs\Lab1\lab1_2023.cpp(328,6): error C4430: отсутствует спецификатор типа - предполагается int. Примечание. C++ не поддерживает int по умолчанию
C:\Users\звездочка\Documents\labs\Lab1\lab1_2023.cpp(328,2): error C2371: b: переопределение; различные базовые типы
C:\Users\звездочка\Documents\labs\Lab1\lab1_2023.cpp(326,7): message : см. объявление "b"
C:\Users\звездочка\Documents\labs\Lab1\lab1_2023.cpp(329,6): error C4430: отсутствует спецификатор типа - предполагается int. Примечание. C++ не поддерживает int по умолчанию
C:\Users\звездочка\Documents\labs\Lab1\lab1_2023.cpp(329,2): error C2371: b: переопределение; различные базовые типы
C:\Users\звездочка\Documents\labs\Lab1\lab1_2023.cpp(326,7): message : см. объявление "b"
C:\Users\звездочка\Documents\labs\Lab1\lab1_2023.cpp(330,6): error C4430: отсутствует спецификатор типа - предполагается int. Примечание. C++ не поддерживает int по умолчанию
C:\Users\звездочка\Documents\labs\Lab1\lab1_2023.cpp(330,2): error C2371: b: переопределение; различные базовые типы
C:\Users\звездочка\Documents\labs\Lab1\lab1_2023.cpp(326,7): message : см. объявление "b"
C:\Users\звездочка\Documents\labs\Lab1\lab1_2023.cpp(342,2): error C2447: {: отсутствует заголовок функции (возможно, используется формальный список старого типа)
C:\Users\звездочка\Documents\labs\Lab1\lab1_2023.cpp(352,2): error C2059: синтаксическая ошибка: return
C:\Users\звездочка\Documents\labs\Lab1\lab1_2023.cpp(353,1): error C2059: синтаксическая ошибка: }
C:\Users\звездочка\Documents\labs\Lab1\lab1_2023.cpp(353,1): error C2143: синтаксическая ошибка: отсутствие ";" перед "}"
